date: 2013-12-05 16:03:51.926
argv: node /usr/local/bin/hexo server
os: Darwin 13.0.0 darwin x64
version:
  hexo: 2.3.0
  http_parser: 1.0
  node: 0.10.19
  v8: 3.14.5.9
  ares: 1.9.0-DEV
  uv: 0.10.17
  zlib: 1.2.3
  modules: 11
  openssl: 1.0.1e
---

[debug] 16:03:51.645 Configuration file load successfully
[debug] 16:03:51.649 Plugin loaded successfully: hexo-generator-feed
[debug] 16:03:51.652 Plugin loaded successfully: hexo-generator-sitemap
[debug] 16:03:51.652 Version info checked successfully
[debug] 16:03:51.652 Loading the database...
[debug] 16:03:51.872 Theme layout loaded
[debug] 16:03:51.872 Start watching theme layout...
[debug] 16:03:51.881 Processed: favicon.ico
[debug] 16:03:51.887 Theme source loaded
[debug] 16:03:51.889 Theme configuration loaded
[debug] 16:03:51.890 Start watching theme source...
[debug] 16:03:51.901 Theme i18n loaded
[debug] 16:03:51.911 Processed: 404.html
[debug] 16:03:51.917 Processed: about/index.md
[debug] 16:03:51.922 Processed: _posts/测试发表文章.md
[error] 16:03:51.924 { rawMessage: 'Unable to parse.',
  parsedLine: 7,
  snippet: 'Investigate',
  parsedFile: null,
  message: 'Unable to parse.',
  domain: 
   { domain: null,
     _events: { error: [Function] },
     _maxListeners: 10,
     members: [],
     _disposed: true },
  domainThrown: true }
[debug] 16:03:51.938 Processed: _posts/tornado-code-analytics.md